[2025-01-23 09:28:36.736] [INFO ] [restartedMain] com.beyond.backend.BackendApplication Starting BackendApplication using Java 17.0.12 with PID 5116 (C:\Users\Playdata\Desktop\secondPrj\be13-2nd-4team\build\classes\java\main started by Playdata in C:\Users\Playdata\Desktop\secondPrj\be13-2nd-4team)
[2025-01-23 09:28:36.745] [INFO ] [restartedMain] com.beyond.backend.BackendApplication No active profile set, falling back to 1 default profile: "default"
[2025-01-23 09:28:36.821] [INFO ] [restartedMain] org.springframework.boot.devtools.env.DevToolsPropertyDefaultsPostProcessor Devtools property defaults active! Set 'spring.devtools.add-properties' to 'false' to disable
[2025-01-23 09:28:36.821] [INFO ] [restartedMain] org.springframework.boot.devtools.env.DevToolsPropertyDefaultsPostProcessor For additional web related logging consider setting the 'logging.level.web' property to 'DEBUG'
[2025-01-23 09:28:37.821] [INFO ] [restartedMain] org.springframework.data.repository.config.RepositoryConfigurationDelegate Bootstrapping Spring Data JPA repositories in DEFAULT mode.
[2025-01-23 09:28:37.868] [INFO ] [restartedMain] org.springframework.data.repository.config.RepositoryConfigurationDelegate Finished Spring Data repository scanning in 41 ms. Found 1 JPA repository interface.
[2025-01-23 09:28:38.502] [INFO ] [restartedMain] org.springframework.boot.web.embedded.tomcat.TomcatWebServer Tomcat initialized with port 8087 (http)
[2025-01-23 09:28:38.514] [INFO ] [restartedMain] org.apache.coyote.http11.Http11NioProtocol Initializing ProtocolHandler ["http-nio-8087"]
[2025-01-23 09:28:38.516] [INFO ] [restartedMain] org.apache.catalina.core.StandardService Starting service [Tomcat]
[2025-01-23 09:28:38.516] [INFO ] [restartedMain] org.apache.catalina.core.StandardEngine Starting Servlet engine: [Apache Tomcat/10.1.34]
[2025-01-23 09:28:38.566] [INFO ] [restartedMain] org.apache.catalina.core.ContainerBase.[Tomcat].[localhost].[/] Initializing Spring embedded WebApplicationContext
[2025-01-23 09:28:38.567] [INFO ] [restartedMain] org.springframework.boot.web.servlet.context.ServletWebServerApplicationContext Root WebApplicationContext: initialization completed in 1745 ms
[2025-01-23 09:28:38.706] [INFO ] [restartedMain] org.hibernate.jpa.internal.util.LogHelper HHH000204: Processing PersistenceUnitInfo [name: default]
[2025-01-23 09:28:38.782] [INFO ] [restartedMain] org.hibernate.Version HHH000412: Hibernate ORM core version 6.6.4.Final
[2025-01-23 09:28:38.813] [INFO ] [restartedMain] org.hibernate.cache.internal.RegionFactoryInitiator HHH000026: Second-level cache disabled
[2025-01-23 09:28:39.108] [INFO ] [restartedMain] org.springframework.orm.jpa.persistenceunit.SpringPersistenceUnitInfo No LoadTimeWeaver setup: ignoring JPA class transformer
[2025-01-23 09:28:39.135] [INFO ] [restartedMain] com.zaxxer.hikari.HikariDataSource HikariPool-1 - Starting...
[2025-01-23 09:28:39.278] [INFO ] [restartedMain] com.zaxxer.hikari.pool.HikariPool HikariPool-1 - Added connection org.mariadb.jdbc.Connection@546094a3
[2025-01-23 09:28:39.280] [INFO ] [restartedMain] com.zaxxer.hikari.HikariDataSource HikariPool-1 - Start completed.
[2025-01-23 09:28:39.379] [INFO ] [restartedMain] org.hibernate.orm.connections.pooling HHH10001005: Database info:
	Database JDBC URL [Connecting through datasource 'HikariDataSource (HikariPool-1)']
	Database driver: undefined/unknown
	Database version: 10.11.8
	Autocommit mode: undefined/unknown
	Isolation level: undefined/unknown
	Minimum pool size: undefined/unknown
	Maximum pool size: undefined/unknown
[2025-01-23 09:28:40.248] [INFO ] [restartedMain] org.hibernate.engine.transaction.jta.platform.internal.JtaPlatformInitiator HHH000489: No JTA platform available (set 'hibernate.transaction.jta.platform' to enable JTA platform integration)
[2025-01-23 09:28:40.339] [INFO ] [restartedMain] org.springframework.orm.jpa.LocalContainerEntityManagerFactoryBean Initialized JPA EntityManagerFactory for persistence unit 'default'
[2025-01-23 09:28:40.615] [WARN ] [restartedMain] org.springframework.boot.autoconfigure.orm.jpa.JpaBaseConfiguration$JpaWebConfiguration spring.jpa.open-in-view is enabled by default. Therefore, database queries may be performed during view rendering. Explicitly configure spring.jpa.open-in-view to disable this warning
[2025-01-23 09:28:40.650] [INFO ] [restartedMain] org.springframework.validation.beanvalidation.OptionalValidatorFactoryBean Failed to set up a Bean Validation provider: jakarta.validation.NoProviderFoundException: Unable to create a Configuration, because no Jakarta Bean Validation provider could be found. Add a provider like Hibernate Validator (RI) to your classpath.
[2025-01-23 09:28:40.977] [INFO ] [restartedMain] org.springframework.boot.devtools.autoconfigure.OptionalLiveReloadServer LiveReload server is running on port 35729
[2025-01-23 09:28:40.997] [INFO ] [restartedMain] org.apache.coyote.http11.Http11NioProtocol Starting ProtocolHandler ["http-nio-8087"]
[2025-01-23 09:28:41.011] [INFO ] [restartedMain] org.springframework.boot.web.embedded.tomcat.TomcatWebServer Tomcat started on port 8087 (http) with context path '/'
[2025-01-23 09:28:41.020] [INFO ] [restartedMain] com.beyond.backend.BackendApplication Started BackendApplication in 4.825 seconds (process running for 5.394)
[2025-01-23 09:28:48.518] [INFO ] [http-nio-8087-exec-1] org.apache.catalina.core.ContainerBase.[Tomcat].[localhost].[/] Initializing Spring DispatcherServlet 'dispatcherServlet'
[2025-01-23 09:28:48.519] [INFO ] [http-nio-8087-exec-1] org.springframework.web.servlet.DispatcherServlet Initializing Servlet 'dispatcherServlet'
[2025-01-23 09:28:48.540] [INFO ] [http-nio-8087-exec-1] org.springframework.web.servlet.DispatcherServlet Completed initialization in 20 ms
[2025-01-23 09:28:49.838] [INFO ] [http-nio-8087-exec-9] org.springdoc.api.AbstractOpenApiResource Init duration for springdoc-openapi is: 416 ms
[2025-01-23 09:28:58.566] [INFO ] [http-nio-8087-exec-10] com.beyond.backend.service.impl.ProductServiceImpl [getProduct] input number : 1
[2025-01-23 09:28:58.760] [INFO ] [http-nio-8087-exec-10] com.beyond.backend.service.impl.ProductServiceImpl [getProduct] product number : 1, name : 커피
[2025-01-23 09:30:57.301] [INFO ] [SpringApplicationShutdownHook] org.springframework.boot.web.embedded.tomcat.GracefulShutdown Commencing graceful shutdown. Waiting for active requests to complete
[2025-01-23 09:30:57.545] [INFO ] [tomcat-shutdown] org.springframework.boot.web.embedded.tomcat.GracefulShutdown Graceful shutdown complete
[2025-01-23 09:30:57.549] [INFO ] [SpringApplicationShutdownHook] org.springframework.orm.jpa.LocalContainerEntityManagerFactoryBean Closing JPA EntityManagerFactory for persistence unit 'default'
[2025-01-23 09:30:57.560] [INFO ] [SpringApplicationShutdownHook] com.zaxxer.hikari.HikariDataSource HikariPool-1 - Shutdown initiated...
[2025-01-23 09:30:57.706] [INFO ] [SpringApplicationShutdownHook] com.zaxxer.hikari.HikariDataSource HikariPool-1 - Shutdown completed.
